<?xml version="1.0" encoding="UTF-8"?>
<!-- Generated by org.testng.reporters.JUnitReportReporter -->
<testsuite hostname="DESKTOP-SJ1BRTJ" failures="0" tests="5" name="Z_28_lecture_add_header_in_request.AddHeaderInRequestDemo" time="1.525" errors="0" timestamp="2024-02-04T15:09:31 IST" skipped="4">
  <testcase classname="Z_28_lecture_add_header_in_request.AddHeaderInRequestDemo" name="usingBDDApproach" time="1.525"/>
  <system-out/>
  <testcase classname="Z_28_lecture_add_header_in_request.AddHeaderInRequestDemo" name="test">
    <skipped/>
  </testcase> <!-- test -->
  <system-out/>
  <testcase classname="Z_28_lecture_add_header_in_request.AddHeaderInRequestDemo" name="test4">
    <skipped/>
  </testcase> <!-- test4 -->
  <system-out/>
  <testcase classname="Z_28_lecture_add_header_in_request.AddHeaderInRequestDemo" name="test3">
    <skipped/>
  </testcase> <!-- test3 -->
  <system-out/>
  <testcase classname="Z_28_lecture_add_header_in_request.AddHeaderInRequestDemo" name="test2">
    <skipped/>
  </testcase> <!-- test2 -->
  <system-out/>
</testsuite> <!-- Z_28_lecture_add_header_in_request.AddHeaderInRequestDemo -->
