<?xml version="1.0" encoding="UTF-8"?>
<!-- Generated by org.testng.reporters.JUnitReportReporter -->
<testsuite hostname="DESKTOP-SJ1BRTJ" failures="0" tests="1" name="z_01_FirstGetMethod" time="2.599" errors="0" timestamp="2024-01-03T20:07:25 IST" skipped="0">
  <testcase classname="z_01_FirstGetMethod" name="testCase01" time="2.599"/>
  <system-out/>
</testsuite> <!-- z_01_FirstGetMethod -->
