<?xml version="1.0" encoding="UTF-8"?>
<!-- Generated by org.testng.reporters.JUnitReportReporter -->
<testsuite hostname="DESKTOP-SJ1BRTJ" failures="0" tests="1" name="Z_08_Api_authotrization_basic.X_02_Digest_Auth" time="2.995" errors="0" timestamp="2024-01-07T23:25:10 IST" skipped="0">
  <testcase classname="Z_08_Api_authotrization_basic.X_02_Digest_Auth" name="BasicAuthPreEmptive" time="2.995"/>
  <system-out/>
</testsuite> <!-- Z_08_Api_authotrization_basic.X_02_Digest_Auth -->
