<?xml version="1.0" encoding="UTF-8"?>
<!-- Generated by org.testng.reporters.JUnitReportReporter -->
<testsuite hostname="DESKTOP-SJ1BRTJ" failures="0" tests="1" name="Z_30_JSON_schema_Validation.X_01_json_schema_validation" time="5.216" errors="0" timestamp="2024-02-07T20:24:22 IST" skipped="0">
  <testcase classname="Z_30_JSON_schema_Validation.X_01_json_schema_validation" name="test" time="5.216"/>
  <system-out/>
</testsuite> <!-- Z_30_JSON_schema_Validation.X_01_json_schema_validation -->
