<?xml version="1.0" encoding="UTF-8"?>
<!-- Generated by org.testng.reporters.JUnitReportReporter -->
<testsuite hostname="DESKTOP-SJ1BRTJ" failures="0" tests="1" name="Z_03_lecture.X_03_PutMethod" time="2.727" errors="0" timestamp="2024-01-04T21:44:44 IST" skipped="0">
  <testcase classname="Z_03_lecture.X_03_PutMethod" name="test04" time="2.727"/>
  <system-out/>
</testsuite> <!-- Z_03_lecture.X_03_PutMethod -->
