<?xml version="1.0" encoding="UTF-8"?>
<!-- Generated by org.testng.reporters.JUnitReportReporter -->
<testsuite hostname="DESKTOP-SJ1BRTJ" failures="0" tests="1" name="Z_16_lecture_JSON_Array.X_01_createJSON_Array_using_JSON_object" time="4.064" errors="0" timestamp="2024-04-20T18:17:24 IST" skipped="0">
  <testcase classname="Z_16_lecture_JSON_Array.X_01_createJSON_Array_using_JSON_object" name="createUsingJSONArray" time="4.064"/>
  <system-out/>
</testsuite> <!-- Z_16_lecture_JSON_Array.X_01_createJSON_Array_using_JSON_object -->
