<?xml version="1.0" encoding="UTF-8"?>
<!-- Generated by org.testng.reporters.JUnitReportReporter -->
<testsuite hostname="DESKTOP-SJ1BRTJ" failures="0" tests="2" name="Z_29_responseSpecification_and_responsebuilder.X_01_ResponseSpecifications" time="6.365" errors="0" timestamp="2024-03-06T22:52:42 IST" skipped="0">
  <testcase classname="Z_29_responseSpecification_and_responsebuilder.X_01_ResponseSpecifications" name="getBookingsByName" time="3.568"/>
  <system-out/>
  <testcase classname="Z_29_responseSpecification_and_responsebuilder.X_01_ResponseSpecifications" name="getAllBookings" time="2.797"/>
  <system-out/>
</testsuite> <!-- Z_29_responseSpecification_and_responsebuilder.X_01_ResponseSpecifications -->
