<?xml version="1.0" encoding="UTF-8"?>
<!-- Generated by org.testng.reporters.JUnitReportReporter -->
<testsuite hostname="DESKTOP-SJ1BRTJ" failures="0" tests="1" name="Z_03_lecture.X_05_DeleteMethod" time="2.956" errors="0" timestamp="2024-01-04T21:54:48 IST" skipped="0">
  <testcase classname="Z_03_lecture.X_05_DeleteMethod" name="test06" time="2.956"/>
  <system-out/>
</testsuite> <!-- Z_03_lecture.X_05_DeleteMethod -->
