<?xml version="1.0" encoding="UTF-8"?>
<!-- Generated by org.testng.reporters.JUnitReportReporter -->
<testsuite hostname="DESKTOP-SJ1BRTJ" failures="0" tests="2" name="Z_15_lecture_create_JSON_Object_using_Map.X_01_Manioulation_using_Map" time="3.437" errors="0" timestamp="2024-04-20T17:31:51 IST" skipped="1">
  <testcase classname="Z_15_lecture_create_JSON_Object_using_Map.X_01_Manioulation_using_Map" name="createUserInfo" time="3.437"/>
  <system-out/>
  <testcase classname="Z_15_lecture_create_JSON_Object_using_Map.X_01_Manioulation_using_Map" name="createAuthToken">
    <skipped/>
  </testcase> <!-- createAuthToken -->
  <system-out/>
</testsuite> <!-- Z_15_lecture_create_JSON_Object_using_Map.X_01_Manioulation_using_Map -->
