<?xml version="1.0" encoding="UTF-8"?>
<!-- Generated by org.testng.reporters.JUnitReportReporter -->
<testsuite hostname="DESKTOP-SJ1BRTJ" failures="0" tests="1" name="Z_12_lecture_json_deseralize.X_01_deseralize_object" time="3.097" errors="0" timestamp="2024-01-14T15:39:00 IST" skipped="0">
  <testcase classname="Z_12_lecture_json_deseralize.X_01_deseralize_object" name="deserialize" time="3.097"/>
  <system-out/>
</testsuite> <!-- Z_12_lecture_json_deseralize.X_01_deseralize_object -->
