<?xml version="1.0" encoding="UTF-8"?>
<!-- Generated by org.testng.reporters.JUnitReportReporter -->
<testsuite hostname="DESKTOP-SJ1BRTJ" failures="0" tests="1" name="Z_22_create_nestedd_json_object.X_01_nested_json_object" time="4.372" errors="0" timestamp="2024-03-03T15:21:33 IST" skipped="0">
  <testcase classname="Z_22_create_nestedd_json_object.X_01_nested_json_object" name="createNestedJSONObject" time="4.372"/>
  <system-out/>
</testsuite> <!-- Z_22_create_nestedd_json_object.X_01_nested_json_object -->
