<?xml version="1.0" encoding="UTF-8"?>
<!-- Generated by org.testng.reporters.JUnitReportReporter -->
<testsuite hostname="DESKTOP-SJ1BRTJ" failures="0" tests="2" name="Z_14_lecture_send_xml_data_and_validate.X_01_send_xml_data" time="3.312" errors="0" timestamp="2024-01-15T21:49:35 IST" skipped="1">
  <testcase classname="Z_14_lecture_send_xml_data_and_validate.X_01_send_xml_data" name="adequateShopApiSwaggerApi" time="3.312"/>
  <system-out/>
  <testcase classname="Z_14_lecture_send_xml_data_and_validate.X_01_send_xml_data" name="sendXmlDataSwaggerpetStore">
    <skipped/>
  </testcase> <!-- sendXmlDataSwaggerpetStore -->
  <system-out/>
</testsuite> <!-- Z_14_lecture_send_xml_data_and_validate.X_01_send_xml_data -->
