<?xml version="1.0" encoding="UTF-8"?>
<!-- Generated by org.testng.reporters.JUnitReportReporter -->
<testsuite hostname="DESKTOP-SJ1BRTJ" failures="0" tests="1" name="Z_20_lecture_POJO.X_02_searialization_and_deserialization" time="6.309" errors="0" timestamp="2024-01-21T20:00:31 IST" skipped="0">
  <testcase classname="Z_20_lecture_POJO.X_02_searialization_and_deserialization" name="createJSONObjectFromEmployeeClassObject" time="6.309"/>
  <system-out/>
</testsuite> <!-- Z_20_lecture_POJO.X_02_searialization_and_deserialization -->
