<?xml version="1.0" encoding="UTF-8"?>
<!-- Generated by org.testng.reporters.JUnitReportReporter -->
<testsuite hostname="DESKTOP-SJ1BRTJ" failures="0" tests="1" name="Z_23_complex_nested_json_object.X_04_complex_nested_pojo_class" time="3.510" errors="0" timestamp="2024-04-27T18:02:57 IST" skipped="0">
  <testcase classname="Z_23_complex_nested_json_object.X_04_complex_nested_pojo_class" name="CreateNestedJSONUser" time="3.510"/>
  <system-out/>
</testsuite> <!-- Z_23_complex_nested_json_object.X_04_complex_nested_pojo_class -->
