<?xml version="1.0" encoding="UTF-8"?>
<!-- Generated by org.testng.reporters.JUnitReportReporter -->
<testsuite hostname="DESKTOP-SJ1BRTJ" failures="0" tests="1" name="Z_02_lecture.X_01_GetMethod" time="2.344" errors="0" timestamp="2024-01-03T22:31:06 IST" skipped="0">
  <testcase classname="Z_02_lecture.X_01_GetMethod" name="test01" time="2.344"/>
  <system-out/>
</testsuite> <!-- Z_02_lecture.X_01_GetMethod -->
