<?xml version="1.0" encoding="UTF-8"?>
<!-- Generated by org.testng.reporters.JUnitReportReporter -->
<testsuite hostname="DESKTOP-SJ1BRTJ" failures="0" tests="1" name="Z_03_lecture.X_04_Patch_Method" time="3.091" errors="0" timestamp="2024-01-04T21:47:37 IST" skipped="0">
  <testcase classname="Z_03_lecture.X_04_Patch_Method" name="test05" time="3.091"/>
  <system-out/>
</testsuite> <!-- Z_03_lecture.X_04_Patch_Method -->
