<?xml version="1.0" encoding="UTF-8"?>
<!-- Generated by org.testng.reporters.JUnitReportReporter -->
<testsuite hostname="DESKTOP-SJ1BRTJ" failures="0" tests="1" name="Z_07_lecture_query_parameter.X_01_query_parameter" time="3.872" errors="0" timestamp="2024-01-07T12:06:09 IST" skipped="0">
  <testcase classname="Z_07_lecture_query_parameter.X_01_query_parameter" name="test01" time="3.872"/>
  <system-out/>
</testsuite> <!-- Z_07_lecture_query_parameter.X_01_query_parameter -->
