<?xml version="1.0" encoding="UTF-8"?>
<!-- Generated by org.testng.reporters.JUnitReportReporter -->
<testsuite hostname="DESKTOP-SJ1BRTJ" failures="0" tests="1" name="Z_13_lecture_query_retrive_requestSpecification.X_01_RequestSpecifications" time="0.842" errors="0" timestamp="2024-01-14T19:18:13 IST" skipped="0">
  <testcase classname="Z_13_lecture_query_retrive_requestSpecification.X_01_RequestSpecifications" name="createUser" time="0.842"/>
  <system-out/>
</testsuite> <!-- Z_13_lecture_query_retrive_requestSpecification.X_01_RequestSpecifications -->
