<?xml version="1.0" encoding="UTF-8"?>
<!-- Generated by org.testng.reporters.JUnitReportReporter -->
<testsuite hostname="DESKTOP-SJ1BRTJ" failures="0" tests="2" name="Z_24_lecture_jsoninclude_annotation.demoJSONInclude" time="0.403" errors="0" timestamp="2024-02-03T18:39:08 IST" skipped="1">
  <testcase classname="Z_24_lecture_jsoninclude_annotation.demoJSONInclude" name="testMethod1" time="0.403"/>
  <system-out/>
  <testcase classname="Z_24_lecture_jsoninclude_annotation.demoJSONInclude" name="testMethod2">
    <skipped/>
  </testcase> <!-- testMethod2 -->
  <system-out/>
</testsuite> <!-- Z_24_lecture_jsoninclude_annotation.demoJSONInclude -->
