<?xml version="1.0" encoding="UTF-8"?>
<!-- Generated by org.testng.reporters.JUnitReportReporter -->
<testsuite hostname="DESKTOP-SJ1BRTJ" failures="0" tests="1" name="Z_06_lecture.X_01_Validate_response_Body" time="3.316" errors="0" timestamp="2024-01-06T23:05:18 IST" skipped="0">
  <testcase classname="Z_06_lecture.X_01_Validate_response_Body" name="test01" time="3.316"/>
  <system-out/>
</testsuite> <!-- Z_06_lecture.X_01_Validate_response_Body -->
