<?xml version="1.0" encoding="UTF-8"?>
<!-- Generated by org.testng.reporters.JUnitReportReporter -->
<testsuite hostname="DESKTOP-SJ1BRTJ" failures="0" tests="1" name="Z_09_lecture_bearer_token.X_01_bearer_token" time="3.306" errors="0" timestamp="2024-01-08T21:04:17 IST" skipped="0">
  <testcase classname="Z_09_lecture_bearer_token.X_01_bearer_token" name="test01" time="3.306"/>
  <system-out/>
</testsuite> <!-- Z_09_lecture_bearer_token.X_01_bearer_token -->
