<?xml version="1.0" encoding="UTF-8"?>
<!-- Generated by org.testng.reporters.JUnitReportReporter -->
<testsuite hostname="DESKTOP-SJ1BRTJ" failures="0" tests="1" name="Z_21_lecture_pojoClassOfJSOnArray.X_01_create_pojo_class_of_json_array" time="4.811" errors="0" timestamp="2024-01-30T20:33:04 IST" skipped="0">
  <testcase classname="Z_21_lecture_pojoClassOfJSOnArray.X_01_create_pojo_class_of_json_array" name="pojoClass" time="4.811"/>
  <system-out/>
</testsuite> <!-- Z_21_lecture_pojoClassOfJSOnArray.X_01_create_pojo_class_of_json_array -->
