<?xml version="1.0" encoding="UTF-8"?>
<!-- Generated by org.testng.reporters.JUnitReportReporter -->
<testsuite hostname="DESKTOP-SJ1BRTJ" failures="0" tests="1" name="Z_18_lecture_upload_file.X_02_pet_store_upload_file" time="3.988" errors="0" timestamp="2024-01-19T20:31:27 IST" skipped="0">
  <testcase classname="Z_18_lecture_upload_file.X_02_pet_store_upload_file" name="upload_image" time="3.988"/>
  <system-out/>
</testsuite> <!-- Z_18_lecture_upload_file.X_02_pet_store_upload_file -->
