<?xml version="1.0" encoding="UTF-8"?>
<!-- Generated by org.testng.reporters.JUnitReportReporter -->
<testsuite hostname="DESKTOP-SJ1BRTJ" failures="0" tests="1" name="Z_16_lecture_JSON_Array.X_02_create_json_array_using_listORSet" time="3.443" errors="0" timestamp="2024-01-17T20:54:49 IST" skipped="0">
  <testcase classname="Z_16_lecture_JSON_Array.X_02_create_json_array_using_listORSet" name="createUSerusingJSONArrayUsingList" time="3.443"/>
  <system-out/>
</testsuite> <!-- Z_16_lecture_JSON_Array.X_02_create_json_array_using_listORSet -->
