<?xml version="1.0" encoding="UTF-8"?>
<!-- Generated by org.testng.reporters.JUnitReportReporter -->
<testsuite hostname="DESKTOP-SJ1BRTJ" failures="0" tests="2" name="Z_18_lecture_upload_file.X_01_upload_file" time="3.930" errors="0" timestamp="2024-01-19T20:17:06 IST" skipped="1">
  <testcase classname="Z_18_lecture_upload_file.X_01_upload_file" name="upload_file_multiple_file" time="3.930"/>
  <system-out/>
  <testcase classname="Z_18_lecture_upload_file.X_01_upload_file" name="upload_file_single_file">
    <skipped/>
  </testcase> <!-- upload_file_single_file -->
  <system-out/>
</testsuite> <!-- Z_18_lecture_upload_file.X_01_upload_file -->
