<?xml version="1.0" encoding="UTF-8"?>
<!-- Generated by org.testng.reporters.JUnitReportReporter -->
<testsuite hostname="DESKTOP-SJ1BRTJ" failures="0" tests="1" name="Z_17_lecture_Jackson_API.X_01_creation_of_json_object_using_jackson_api" time="3.344" errors="0" timestamp="2024-01-18T22:27:11 IST" skipped="0">
  <testcase classname="Z_17_lecture_Jackson_API.X_01_creation_of_json_object_using_jackson_api" name="creationOfJsonObject" time="3.344"/>
  <system-out/>
</testsuite> <!-- Z_17_lecture_Jackson_API.X_01_creation_of_json_object_using_jackson_api -->
