<?xml version="1.0" encoding="UTF-8"?>
<!-- Generated by org.testng.reporters.JUnitReportReporter -->
<testsuite hostname="DESKTOP-SJ1BRTJ" failures="0" tests="2" name="Z_27_lecture_generate_mock_api.X_01_mockApiGenerate" time="4.521" errors="0" timestamp="2024-02-04T12:52:52 IST" skipped="0">
  <testcase classname="Z_27_lecture_generate_mock_api.X_01_mockApiGenerate" name="test2" time="1.699"/>
  <system-out/>
  <testcase classname="Z_27_lecture_generate_mock_api.X_01_mockApiGenerate" name="test1" time="2.822"/>
  <system-out/>
</testsuite> <!-- Z_27_lecture_generate_mock_api.X_01_mockApiGenerate -->
