<?xml version="1.0" encoding="UTF-8"?>
<!-- Generated by org.testng.reporters.JUnitReportReporter -->
<testsuite hostname="DESKTOP-SJ1BRTJ" failures="0" tests="1" name="Z_10_Authorization_API_key.X_01_API_Key" time="3.473" errors="0" timestamp="2024-01-08T21:28:24 IST" skipped="0">
  <testcase classname="Z_10_Authorization_API_key.X_01_API_Key" name="GetWeatherDataByCity" time="3.473"/>
  <system-out/>
</testsuite> <!-- Z_10_Authorization_API_key.X_01_API_Key -->
