<?xml version="1.0" encoding="UTF-8"?>
<!-- Generated by org.testng.reporters.JUnitReportReporter -->
<testsuite hostname="DESKTOP-SJ1BRTJ" failures="0" tests="1" name="Z_04_lecture.X_01_CheckForValidResponse" time="2.105" errors="0" timestamp="2024-01-06T16:50:07 IST" skipped="0">
  <testcase classname="Z_04_lecture.X_01_CheckForValidResponse" name="BDDStyle" time="2.105"/>
  <system-out/>
</testsuite> <!-- Z_04_lecture.X_01_CheckForValidResponse -->
