<?xml version="1.0" encoding="UTF-8"?>
<!-- Generated by org.testng.reporters.JUnitReportReporter -->
<testsuite hostname="DESKTOP-SJ1BRTJ" failures="0" tests="2" name="Z_08_Api_authotrization_basic.X_01_basic_authorization" time="2.183" errors="0" timestamp="2024-01-07T22:55:26 IST" skipped="1">
  <testcase classname="Z_08_Api_authotrization_basic.X_01_basic_authorization" name="BasicAuthPreEmptive" time="2.183"/>
  <system-out/>
  <testcase classname="Z_08_Api_authotrization_basic.X_01_basic_authorization" name="BasicAuth">
    <skipped/>
  </testcase> <!-- BasicAuth -->
  <system-out/>
</testsuite> <!-- Z_08_Api_authotrization_basic.X_01_basic_authorization -->
