<?xml version="1.0" encoding="UTF-8"?>
<!-- Generated by org.testng.reporters.JUnitReportReporter -->
<testsuite hostname="DESKTOP-SJ1BRTJ" failures="0" tests="1" name="Z_03_lecture.X_02_PostMethod" time="3.404" errors="0" timestamp="2024-01-04T21:31:43 IST" skipped="0">
  <testcase classname="Z_03_lecture.X_02_PostMethod" name="test03" time="3.404"/>
  <system-out/>
</testsuite> <!-- Z_03_lecture.X_02_PostMethod -->
