<?xml version="1.0" encoding="UTF-8"?>
<!-- Generated by org.testng.reporters.JUnitReportReporter -->
<testsuite hostname="DESKTOP-SJ1BRTJ" failures="0" tests="1" name="Z_25_lecture_Ignore_fields_from_pojo_class.DemoJSONIgnore" time="0.257" errors="0" timestamp="2024-02-13T21:59:25 IST" skipped="0">
  <testcase classname="Z_25_lecture_Ignore_fields_from_pojo_class.DemoJSONIgnore" name="testMethod1" time="0.257"/>
  <system-out/>
</testsuite> <!-- Z_25_lecture_Ignore_fields_from_pojo_class.DemoJSONIgnore -->
