<?xml version="1.0" encoding="UTF-8"?>
<!-- Generated by org.testng.reporters.JUnitReportReporter -->
<testsuite hostname="DESKTOP-SJ1BRTJ" failures="0" tests="2" name="Z_26_lecture_ignore_unknown_properties_during_deserialization.DemoJSONIgnoreProperties" time="0.371" errors="0" timestamp="2024-02-04T11:39:18 IST" skipped="1">
  <testcase classname="Z_26_lecture_ignore_unknown_properties_during_deserialization.DemoJSONIgnoreProperties" name="testMethod2" time="0.371"/>
  <system-out/>
  <testcase classname="Z_26_lecture_ignore_unknown_properties_during_deserialization.DemoJSONIgnoreProperties" name="testMethod1">
    <skipped/>
  </testcase> <!-- testMethod1 -->
  <system-out/>
</testsuite> <!-- Z_26_lecture_ignore_unknown_properties_during_deserialization.DemoJSONIgnoreProperties -->
